0 info it worked if it ends with ok
1 verbose cli [ '/usr/local/bin/node',
1 verbose cli   '/usr/local/lib/node_modules/tnpm/node_modules/npm/bin/npm-cli.js',
1 verbose cli   '--cache=/Users/user/.tnpm',
1 verbose cli   '--tmp=/Users/user/.tnpm_tmp',
1 verbose cli   '--no-proxy',
1 verbose cli   '--disturl=https://tnpm-hz.oss-cn-hangzhou.aliyuncs.com/dist/node',
1 verbose cli   '--userconfig=/Users/user/.tnpmrc',
1 verbose cli   '--registry=http://registry.npm.alibaba-inc.com',
1 verbose cli   'run',
1 verbose cli   'start' ]
2 info using npm@3.10.10
3 info using node@v8.9.4
4 verbose run-script [ 'prestart', 'start', 'poststart' ]
5 info lifecycle ssrtest@0.0.0~prestart: ssrtest@0.0.0
6 silly lifecycle ssrtest@0.0.0~prestart: no script for prestart, continuing
7 info lifecycle ssrtest@0.0.0~start: ssrtest@0.0.0
8 verbose lifecycle ssrtest@0.0.0~start: unsafe-perm in lifecycle true
9 verbose lifecycle ssrtest@0.0.0~start: PATH: /usr/local/lib/node_modules/tnpm/node_modules/npm/bin/node-gyp-bin:/Users/user/note/react-Isomorphic/examples/lesson1/node_modules/.bin:/usr/local/bin:/usr/bin:/bin:/usr/sbin:/sbin
10 verbose lifecycle ssrtest@0.0.0~start: CWD: /Users/user/note/react-Isomorphic/examples/lesson1
11 silly lifecycle ssrtest@0.0.0~start: Args: [ '-c', 'node server.js' ]
12 silly lifecycle ssrtest@0.0.0~start: Returned: code: 1  signal: null
13 info lifecycle ssrtest@0.0.0~start: Failed to exec start script
14 verbose stack Error: ssrtest@0.0.0 start: `node server.js`
14 verbose stack Exit status 1
14 verbose stack     at EventEmitter.<anonymous> (/usr/local/lib/node_modules/tnpm/node_modules/npm/lib/utils/lifecycle.js:255:16)
14 verbose stack     at emitTwo (events.js:126:13)
14 verbose stack     at EventEmitter.emit (events.js:214:7)
14 verbose stack     at ChildProcess.<anonymous> (/usr/local/lib/node_modules/tnpm/node_modules/npm/lib/utils/spawn.js:40:14)
14 verbose stack     at emitTwo (events.js:126:13)
14 verbose stack     at ChildProcess.emit (events.js:214:7)
14 verbose stack     at maybeClose (internal/child_process.js:925:16)
14 verbose stack     at Process.ChildProcess._handle.onexit (internal/child_process.js:209:5)
15 verbose pkgid ssrtest@0.0.0
16 verbose cwd /Users/user/note/react-Isomorphic/examples/lesson1
17 error Darwin 17.3.0
18 error argv "/usr/local/bin/node" "/usr/local/lib/node_modules/tnpm/node_modules/npm/bin/npm-cli.js" "--cache=/Users/user/.tnpm" "--tmp=/Users/user/.tnpm_tmp" "--no-proxy" "--disturl=https://tnpm-hz.oss-cn-hangzhou.aliyuncs.com/dist/node" "--userconfig=/Users/user/.tnpmrc" "--registry=http://registry.npm.alibaba-inc.com" "run" "start"
19 error node v8.9.4
20 error npm  v3.10.10
21 error code ELIFECYCLE
22 error ssrtest@0.0.0 start: `node server.js`
22 error Exit status 1
23 error Failed at the ssrtest@0.0.0 start script 'node server.js'.
23 error Make sure you have the latest version of node.js and npm installed.
23 error If you do, this is most likely a problem with the ssrtest package,
23 error not with npm itself.
23 error Tell the author that this fails on your system:
23 error     node server.js
23 error You can get information on how to open an issue for this project with:
23 error     npm bugs ssrtest
23 error Or if that isn't available, you can get their info via:
23 error     npm owner ls ssrtest
23 error There is likely additional logging output above.
24 verbose exit [ 1, true ]
